# Battle Information
Player1: Alice
Player2: Bob
Time:    60000

# Battle Log
Turn 1: Alice [x]
Move: 1 1 2 1
------
-o----
------
------
------
------

Turn 2: Bob [o]
Move: 5 2 0 0
------
-o----
-----x
------
------
------

Turn 3: Alice [x]
Move: 4 2 2 0
------
-o----
----ox
------
------
------

Turn 4: Bob [o]
Move: 0 2 1 1
------
-o-o--
x--x--
------
------
------

Turn 5: Alice [x]
Move: 5 1 1 0
----o-
-o----
x---ox
------
------
------

Turn 6: Bob [o]
Move: 0 5 2 0
----o-
-o----
x---ox
------
------
--x---

Turn 7: Alice [x]
Move: 3 5 1 1
------
-o-o-o
x--x--
------
------
--xo--

Turn 8: Bob [o]
Move: 4 4 1 1
---xo-
-o----
x---o-
------
----x-
--xo--

Turn 9: Alice [x]
Move: 3 1 1 1
----ox
-o-o-o
x-----
------
----x-
--xo--

Turn 10: Bob [o]
Move: 4 3 2 1
----ox
-o-o-o
x-----
----x-
----x-
x--o--

Turn 11: Alice [x]
Move: 3 0 3 0
---oox
-o-o-o
x-----
------
---xx-
x----o

Turn 12: Bob [o]
Move: 2 1 2 1
---oox
-oxo-o
x-----
x-----
---xx-
-----o

Turn 13: Alice [x]
Move: 1 2 3 0
---oox
-oxo-o
xo----
x----o
----x-
----x-

Turn 14: Bob [o]
Move: 2 3 1 1
----oo
-ox--o
xo--ox
x-x--o
----x-
----x-

Turn 15: Alice [x]
Move: 3 3 0 1
x---oo
oo---o
-x--ox
x-xo-o
----x-
----x-

Turn 16: Bob [o]
Move: 1 0 1 1
xx----
oo-o-o
-x-xoo
x-xo-o
----x-
----x-

Turn 17: Alice [x]
Move: 5 5 3 0
xx----
oo-o-o
-x-xoo
x-xo-o
----xx
---o--

Turn 18: Bob [o]
Move: 2 1 1 0
xx--oo
oox--o
-x--ox
x-xo-o
----xx
---o--

Turn 19: Alice [x]
Move: 5 5 0 0
-x--oo
xox--o
xo--ox
x-xo-o
----xx
---o-o

Turn 20: Bob [o]
Move: 3 2 1 1
-x-x--
xoxo-o
xo-xoo
x-xo-o
----xx
---o-o

Turn 21: Alice [x]
Move: 4 1 1 1
-x-xox
xoxoo-
xo-oo-
x-xo-o
----xx
---o-o

Turn 22: Bob [o]
Move: 3 4 0 1
xx-xox
ooxoo-
-x-oo-
x-xo-o
---xxx
---o-o

Turn 23: Alice [x]
Move: 0 5 2 1
xx-xox
ooxoo-
-x-oo-
o-xo-o
---xxx
--xo-o

Turn 24: Bob [o]
Move: 0 5 2 1
xx-xox
ooxoo-
-x-oo-
x-oo-o
---xxx
x-xo-o

Turn 25: Alice [x]
Move: 0 2 1 0
xx-x--
ooxooo
ox-xoo
x-oo-o
---xxx
x-xo-o

Turn 26: Bob [x]
Move: 4 3 0 0
xx-x--
ooxooo
ox-xoo
x-ooxo
---xxx
x-xo-o

# Moves
1 1 2 1
5 2 0 0
4 2 2 0
0 2 1 1
5 1 1 0
0 5 2 0
3 5 1 1
4 4 1 1
3 1 1 1
4 3 2 1
3 0 3 0
2 1 2 1
1 2 3 0
2 3 1 1
3 3 0 1
1 0 1 1
5 5 3 0
2 1 1 0
5 5 0 0
3 2 1 1
4 1 1 1
3 4 0 1
0 5 2 1
0 5 2 1
0 2 1 0
4 3 0 0

# Result
Winner: Bob
(Player Bob: Got five stones in a row)
